2017/07/07 12:08:24 [error] [exception.CException] exception 'CException' with message 'Property "PurchaseRequestDetailService.component_id" is not defined.' in /home/pmahendro/public_html/yii/framework/base/CComponent.php:130
Stack trace:
#0 /home/pmahendro/public_html/yii/framework/db/ar/CActiveRecord.php(143): CComponent->__get('component_id')
#1 /home/pmahendro/public_html/yii/framework/db/ar/CActiveFinder.php(628): CActiveRecord->__get('component_id')
#2 /home/pmahendro/public_html/yii/framework/db/ar/CActiveFinder.php(482): CJoinElement->applyLazyCondition(Object(CJoinQuery), Object(PurchaseRequestDetailService))
#3 /home/pmahendro/public_html/yii/framework/db/ar/CActiveFinder.php(163): CJoinElement->lazyFind(Object(PurchaseRequestDetailService))
#4 /home/pmahendro/public_html/yii/framework/db/ar/CActiveRecord.php(272): CActiveFinder->lazyFind(Object(PurchaseRequestDetailService))
#5 /home/pmahendro/public_html/yii/framework/db/ar/CActiveRecord.php(179): CActiveRecord->getRelated('component')
#6 /home/pmahendro/public_html/yii/framework/web/helpers/CHtml.php(1898): CActiveRecord->__isset('component')
#7 /home/pmahendro/public_html/yii/framework/zii/widgets/grid/CDataColumn.php(133): CHtml::value(Object(PurchaseRequestDetailService), 'component.compo...')
#8 /home/pmahendro/public_html/yii/framework/zii/widgets/grid/CGridColumn.php(144): CDataColumn->renderDataCellContent(0, Object(PurchaseRequestDetailService))
#9 /home/pmahendro/public_html/yii/framework/zii/widgets/grid/CGridView.php(589): CGridColumn->renderDataCell(0)
#10 /home/pmahendro/public_html/yii/framework/zii/widgets/grid/CGridView.php(545): CGridView->renderTableRow(0)
#11 /home/pmahendro/public_html/yii/framework/zii/widgets/grid/CGridView.php(455): CGridView->renderTableBody()
#12 /home/pmahendro/public_html/yii/framework/zii/widgets/CBaseListView.php(160): CGridView->renderItems()
#13 [internal function]: CBaseListView->renderSection(Array)
#14 /home/pmahendro/public_html/yii/framework/zii/widgets/CBaseListView.php(143): preg_replace_callback('/{(\w+)}/', Array, '{summary}?{item...')
#15 /home/pmahendro/public_html/yii/framework/zii/widgets/CBaseListView.php(128): CBaseListView->renderContent()
#16 /home/pmahendro/public_html/yii/framework/web/CBaseController.php(173): CBaseListView->run()
#17 /home/pmahendro/public_html/egatekelindo/protected/modules/transaction/views/purchaseRequest/view.php(94): CBaseController->widget('zii.widgets.gri...', Array)
#18 /home/pmahendro/public_html/yii/framework/web/CBaseController.php(126): require('/home/pmahendro...')
#19 /home/pmahendro/public_html/yii/framework/web/CBaseController.php(95): CBaseController->renderInternal('/home/pmahendro...', Array, true)
#20 /home/pmahendro/public_html/yii/framework/web/CController.php(869): CBaseController->renderFile('/home/pmahendro...', Array, true)
#21 /home/pmahendro/public_html/yii/framework/web/CController.php(782): CController->renderPartial('view', Array, true)
#22 /home/pmahendro/public_html/egatekelindo/protected/modules/transaction/controllers/PurchaseRequestController.php(80): CController->render('view', Array)
#23 [internal function]: PurchaseRequestController->actionView('2')
#24 /home/pmahendro/public_html/yii/framework/web/actions/CAction.php(108): ReflectionMethod->invokeArgs(Object(PurchaseRequestController), Array)
#25 /home/pmahendro/public_html/yii/framework/web/actions/CInlineAction.php(47): CAction->runWithParamsInternal(Object(PurchaseRequestController), Object(ReflectionMethod), Array)
#26 /home/pmahendro/public_html/yii/framework/web/CController.php(308): CInlineAction->runWithParams(Array)
#27 /home/pmahendro/public_html/yii/framework/web/CController.php(286): CController->runAction(Object(CInlineAction))
#28 /home/pmahendro/public_html/yii/framework/web/CController.php(265): CController->runActionWithFilters(Object(CInlineAction), Array)
#29 /home/pmahendro/public_html/yii/framework/web/CWebApplication.php(282): CController->run('view')
#30 /home/pmahendro/public_html/yii/framework/web/CWebApplication.php(141): CWebApplication->runController('transaction/pur...')
#31 /home/pmahendro/public_html/yii/framework/base/CApplication.php(169): CWebApplication->processRequest()
#32 /home/pmahendro/public_html/egatekelindo/index.php(13): CApplication->run()
#33 {main}
REQUEST_URI=/egatekelindo/index.php?r=transaction/purchaseRequest/view&id=2
HTTP_REFERER=http://localhost/egatekelindo/index.php?r=transaction/purchaseRequest/admin
---
2017/07/07 12:08:48 [error] [exception.CException] exception 'CException' with message 'Property "PurchaseRequestDetailService.component_id" is not defined.' in /home/pmahendro/public_html/yii/framework/base/CComponent.php:130
Stack trace:
#0 /home/pmahendro/public_html/yii/framework/db/ar/CActiveRecord.php(143): CComponent->__get('component_id')
#1 /home/pmahendro/public_html/yii/framework/db/ar/CActiveFinder.php(628): CActiveRecord->__get('component_id')
#2 /home/pmahendro/public_html/yii/framework/db/ar/CActiveFinder.php(482): CJoinElement->applyLazyCondition(Object(CJoinQuery), Object(PurchaseRequestDetailService))
#3 /home/pmahendro/public_html/yii/framework/db/ar/CActiveFinder.php(163): CJoinElement->lazyFind(Object(PurchaseRequestDetailService))
#4 /home/pmahendro/public_html/yii/framework/db/ar/CActiveRecord.php(272): CActiveFinder->lazyFind(Object(PurchaseRequestDetailService))
#5 /home/pmahendro/public_html/yii/framework/db/ar/CActiveRecord.php(179): CActiveRecord->getRelated('component')
#6 /home/pmahendro/public_html/yii/framework/web/helpers/CHtml.php(1898): CActiveRecord->__isset('component')
#7 /home/pmahendro/public_html/yii/framework/zii/widgets/grid/CDataColumn.php(133): CHtml::value(Object(PurchaseRequestDetailService), 'component.compo...')
#8 /home/pmahendro/public_html/yii/framework/zii/widgets/grid/CGridColumn.php(144): CDataColumn->renderDataCellContent(0, Object(PurchaseRequestDetailService))
#9 /home/pmahendro/public_html/yii/framework/zii/widgets/grid/CGridView.php(589): CGridColumn->renderDataCell(0)
#10 /home/pmahendro/public_html/yii/framework/zii/widgets/grid/CGridView.php(545): CGridView->renderTableRow(0)
#11 /home/pmahendro/public_html/yii/framework/zii/widgets/grid/CGridView.php(455): CGridView->renderTableBody()
#12 /home/pmahendro/public_html/yii/framework/zii/widgets/CBaseListView.php(160): CGridView->renderItems()
#13 [internal function]: CBaseListView->renderSection(Array)
#14 /home/pmahendro/public_html/yii/framework/zii/widgets/CBaseListView.php(143): preg_replace_callback('/{(\w+)}/', Array, '{summary}?{item...')
#15 /home/pmahendro/public_html/yii/framework/zii/widgets/CBaseListView.php(128): CBaseListView->renderContent()
#16 /home/pmahendro/public_html/yii/framework/web/CBaseController.php(173): CBaseListView->run()
#17 /home/pmahendro/public_html/egatekelindo/protected/modules/transaction/views/purchaseRequest/view.php(94): CBaseController->widget('zii.widgets.gri...', Array)
#18 /home/pmahendro/public_html/yii/framework/web/CBaseController.php(126): require('/home/pmahendro...')
#19 /home/pmahendro/public_html/yii/framework/web/CBaseController.php(95): CBaseController->renderInternal('/home/pmahendro...', Array, true)
#20 /home/pmahendro/public_html/yii/framework/web/CController.php(869): CBaseController->renderFile('/home/pmahendro...', Array, true)
#21 /home/pmahendro/public_html/yii/framework/web/CController.php(782): CController->renderPartial('view', Array, true)
#22 /home/pmahendro/public_html/egatekelindo/protected/modules/transaction/controllers/PurchaseRequestController.php(80): CController->render('view', Array)
#23 [internal function]: PurchaseRequestController->actionView('2')
#24 /home/pmahendro/public_html/yii/framework/web/actions/CAction.php(108): ReflectionMethod->invokeArgs(Object(PurchaseRequestController), Array)
#25 /home/pmahendro/public_html/yii/framework/web/actions/CInlineAction.php(47): CAction->runWithParamsInternal(Object(PurchaseRequestController), Object(ReflectionMethod), Array)
#26 /home/pmahendro/public_html/yii/framework/web/CController.php(308): CInlineAction->runWithParams(Array)
#27 /home/pmahendro/public_html/yii/framework/web/CController.php(286): CController->runAction(Object(CInlineAction))
#28 /home/pmahendro/public_html/yii/framework/web/CController.php(265): CController->runActionWithFilters(Object(CInlineAction), Array)
#29 /home/pmahendro/public_html/yii/framework/web/CWebApplication.php(282): CController->run('view')
#30 /home/pmahendro/public_html/yii/framework/web/CWebApplication.php(141): CWebApplication->runController('transaction/pur...')
#31 /home/pmahendro/public_html/yii/framework/base/CApplication.php(169): CWebApplication->processRequest()
#32 /home/pmahendro/public_html/egatekelindo/index.php(13): CApplication->run()
#33 {main}
REQUEST_URI=/egatekelindo/index.php?r=transaction/purchaseRequest/view&id=2
---
2017/07/12 12:00:51 [error] [exception.CDbException] exception 'CDbException' with message 'CDbConnection failed to open the DB connection: SQLSTATE[HY000] [2003] Can't connect to MySQL server on 'pioneer' (4)' in /home/pmahendro/public_html/yii/framework/db/CDbConnection.php:381
Stack trace:
#0 /home/pmahendro/public_html/yii/framework/db/CDbConnection.php(330): CDbConnection->open()
#1 /home/pmahendro/public_html/yii/framework/db/CDbConnection.php(308): CDbConnection->setActive(true)
#2 /home/pmahendro/public_html/yii/framework/base/CModule.php(387): CDbConnection->init()
#3 /home/pmahendro/public_html/yii/framework/base/CApplication.php(438): CModule->getComponent('db')
#4 /home/pmahendro/public_html/yii/framework/db/ar/CActiveRecord.php(632): CApplication->getDb()
#5 /home/pmahendro/public_html/yii/framework/db/ar/CActiveRecord.php(2318): CActiveRecord->getDbConnection()
#6 /home/pmahendro/public_html/yii/framework/db/ar/CActiveRecord.php(396): CActiveRecordMetaData->__construct(Object(PurchaseHeader))
#7 /home/pmahendro/public_html/yii/framework/db/ar/CActiveRecord.php(411): CActiveRecord::model('PurchaseHeader')
#8 /home/pmahendro/public_html/yii/framework/db/ar/CActiveRecord.php(77): CActiveRecord->getMetaData()
#9 /home/pmahendro/public_html/egatekelindo/protected/modules/transaction/controllers/PurchaseByRequestController.php(228): CActiveRecord->__construct()
#10 /home/pmahendro/public_html/egatekelindo/protected/modules/transaction/controllers/PurchaseByRequestController.php(174): PurchaseByRequestController->instantiate('')
#11 [internal function]: PurchaseByRequestController->actionAjaxJsonTotal('', '3')
#12 /home/pmahendro/public_html/yii/framework/web/actions/CAction.php(108): ReflectionMethod->invokeArgs(Object(PurchaseByRequestController), Array)
#13 /home/pmahendro/public_html/yii/framework/web/actions/CInlineAction.php(47): CAction->runWithParamsInternal(Object(PurchaseByRequestController), Object(ReflectionMethod), Array)
#14 /home/pmahendro/public_html/yii/framework/web/CController.php(308): CInlineAction->runWithParams(Array)
#15 /home/pmahendro/public_html/yii/framework/web/CController.php(286): CController->runAction(Object(CInlineAction))
#16 /home/pmahendro/public_html/yii/framework/web/CController.php(265): CController->runActionWithFilters(Object(CInlineAction), Array)
#17 /home/pmahendro/public_html/yii/framework/web/CWebApplication.php(282): CController->run('ajaxJsonTotal')
#18 /home/pmahendro/public_html/yii/framework/web/CWebApplication.php(141): CWebApplication->runController('transaction/pur...')
#19 /home/pmahendro/public_html/yii/framework/base/CApplication.php(169): CWebApplication->processRequest()
#20 /home/pmahendro/public_html/egatekelindo/index.php(13): CApplication->run()
#21 {main}
REQUEST_URI=/egatekelindo/index.php?r=transaction/purchaseByRequest/ajaxJsonTotal&id=&index=3
HTTP_REFERER=http://localhost/egatekelindo/index.php?r=transaction/purchaseByRequest/create&purchaseRequestId=1
---
2017/07/12 12:22:29 [error] [system.db.CDbCommand] CDbCommand::fetchAll() failed: SQLSTATE[42S02]: Base table or view not found: 1146 Table 'egatekelindo.tblet_purchase_detail' doesn't exist. The SQL statement executed was: SHOW FULL COLUMNS FROM `tblet_purchase_detail`.
in /home/pmahendro/public_html/egatekelindo/protected/generators/model/ModelCode.php (187)
in /home/pmahendro/public_html/egatekelindo/protected/generators/model/ModelCode.php (142)
in /home/pmahendro/public_html/egatekelindo/index.php (13)
2017/07/12 13:11:48 [error] [php] Creating default object from empty value (/home/pmahendro/public_html/egatekelindo/protected/modules/transaction/controllers/ReceiveController.php:21)
Stack trace:
#0 /home/pmahendro/public_html/yii/framework/web/CController.php(286): ReceiveController->runAction()
#1 /home/pmahendro/public_html/yii/framework/web/CController.php(265): ReceiveController->runActionWithFilters()
#2 /home/pmahendro/public_html/yii/framework/web/CWebApplication.php(282): ReceiveController->run()
#3 /home/pmahendro/public_html/yii/framework/web/CWebApplication.php(141): CWebApplication->runController()
#4 /home/pmahendro/public_html/yii/framework/base/CApplication.php(169): CWebApplication->processRequest()
#5 /home/pmahendro/public_html/egatekelindo/index.php(13): CWebApplication->run()
REQUEST_URI=/egatekelindo/index.php?r=transaction/receive/purchaseList
in /home/pmahendro/public_html/egatekelindo/protected/modules/transaction/controllers/ReceiveController.php (21)
in /home/pmahendro/public_html/egatekelindo/index.php (13)
2017/07/12 13:24:06 [error] [php] Undefined variable: purchaseDetailRequest (/home/pmahendro/public_html/egatekelindo/protected/modules/transaction/components/Receive.php:45)
Stack trace:
#0 /home/pmahendro/public_html/yii/framework/web/actions/CAction.php(108): ReflectionMethod->invokeArgs()
#1 /home/pmahendro/public_html/yii/framework/web/actions/CInlineAction.php(47): CInlineAction->runWithParamsInternal()
#2 /home/pmahendro/public_html/yii/framework/web/CController.php(308): CInlineAction->runWithParams()
#3 /home/pmahendro/public_html/yii/framework/web/CController.php(286): ReceiveController->runAction()
#4 /home/pmahendro/public_html/yii/framework/web/CController.php(265): ReceiveController->runActionWithFilters()
#5 /home/pmahendro/public_html/yii/framework/web/CWebApplication.php(282): ReceiveController->run()
#6 /home/pmahendro/public_html/yii/framework/web/CWebApplication.php(141): CWebApplication->runController()
#7 /home/pmahendro/public_html/yii/framework/base/CApplication.php(169): CWebApplication->processRequest()
#8 /home/pmahendro/public_html/egatekelindo/index.php(13): CWebApplication->run()
REQUEST_URI=/egatekelindo/index.php?r=transaction/receive/create&purchaseId=1
in /home/pmahendro/public_html/egatekelindo/protected/modules/transaction/components/Receive.php (45)
in /home/pmahendro/public_html/egatekelindo/protected/modules/transaction/controllers/ReceiveController.php (36)
in /home/pmahendro/public_html/egatekelindo/index.php (13)
2017/07/12 13:24:35 [error] [php] Undefined variable: component (/home/pmahendro/public_html/egatekelindo/protected/modules/transaction/views/receive/create.php:12)
Stack trace:
#0 /home/pmahendro/public_html/yii/framework/web/CController.php(869): ReceiveController->renderFile()
#1 /home/pmahendro/public_html/yii/framework/web/CController.php(782): ReceiveController->renderPartial()
#2 /home/pmahendro/public_html/egatekelindo/protected/modules/transaction/controllers/ReceiveController.php(49): ReceiveController->render()
#3 unknown(0): ReceiveController->actionCreate()
#4 /home/pmahendro/public_html/yii/framework/web/actions/CAction.php(108): ReflectionMethod->invokeArgs()
#5 /home/pmahendro/public_html/yii/framework/web/actions/CInlineAction.php(47): CInlineAction->runWithParamsInternal()
#6 /home/pmahendro/public_html/yii/framework/web/CController.php(308): CInlineAction->runWithParams()
#7 /home/pmahendro/public_html/yii/framework/web/CController.php(286): ReceiveController->runAction()
#8 /home/pmahendro/public_html/yii/framework/web/CController.php(265): ReceiveController->runActionWithFilters()
#9 /home/pmahendro/public_html/yii/framework/web/CWebApplication.php(282): ReceiveController->run()
#10 /home/pmahendro/public_html/yii/framework/web/CWebApplication.php(141): CWebApplication->runController()
#11 /home/pmahendro/public_html/yii/framework/base/CApplication.php(169): CWebApplication->processRequest()
#12 /home/pmahendro/public_html/egatekelindo/index.php(13): CWebApplication->run()
REQUEST_URI=/egatekelindo/index.php?r=transaction/receive/create&purchaseId=1
in /home/pmahendro/public_html/egatekelindo/protected/modules/transaction/views/receive/create.php (12)
in /home/pmahendro/public_html/egatekelindo/protected/modules/transaction/controllers/ReceiveController.php (49)
in /home/pmahendro/public_html/egatekelindo/index.php (13)
2017/07/14 10:53:25 [error] [exception.CHttpException.400] exception 'CHttpException' with message 'Your request is invalid.' in /home/pmahendro/public_html/yii/framework/web/CController.php:336
Stack trace:
#0 /home/pmahendro/public_html/yii/framework/web/CController.php(309): CController->invalidActionParams(Object(CInlineAction))
#1 /home/pmahendro/public_html/yii/framework/web/CController.php(286): CController->runAction(Object(CInlineAction))
#2 /home/pmahendro/public_html/yii/framework/web/CController.php(265): CController->runActionWithFilters(Object(CInlineAction), Array)
#3 /home/pmahendro/public_html/yii/framework/web/CWebApplication.php(282): CController->run('create')
#4 /home/pmahendro/public_html/yii/framework/web/CWebApplication.php(141): CWebApplication->runController('transaction/rec...')
#5 /home/pmahendro/public_html/yii/framework/base/CApplication.php(169): CWebApplication->processRequest()
#6 /home/pmahendro/public_html/egatekelindo/index.php(13): CApplication->run()
#7 {main}
REQUEST_URI=/egatekelindo/index.php?r=transaction/receive/create
HTTP_REFERER=http://localhost/egatekelindo/index.php?r=transaction/receive/admin
---
2017/07/14 10:53:38 [error] [php] Undefined variable: component (/home/pmahendro/public_html/egatekelindo/protected/modules/transaction/views/receive/create.php:12)
Stack trace:
#0 /home/pmahendro/public_html/yii/framework/web/CController.php(869): ReceiveController->renderFile()
#1 /home/pmahendro/public_html/yii/framework/web/CController.php(782): ReceiveController->renderPartial()
#2 /home/pmahendro/public_html/egatekelindo/protected/modules/transaction/controllers/ReceiveController.php(49): ReceiveController->render()
#3 unknown(0): ReceiveController->actionCreate()
#4 /home/pmahendro/public_html/yii/framework/web/actions/CAction.php(108): ReflectionMethod->invokeArgs()
#5 /home/pmahendro/public_html/yii/framework/web/actions/CInlineAction.php(47): CInlineAction->runWithParamsInternal()
#6 /home/pmahendro/public_html/yii/framework/web/CController.php(308): CInlineAction->runWithParams()
#7 /home/pmahendro/public_html/yii/framework/web/CController.php(286): ReceiveController->runAction()
#8 /home/pmahendro/public_html/yii/framework/web/CController.php(265): ReceiveController->runActionWithFilters()
#9 /home/pmahendro/public_html/yii/framework/web/CWebApplication.php(282): ReceiveController->run()
#10 /home/pmahendro/public_html/yii/framework/web/CWebApplication.php(141): CWebApplication->runController()
#11 /home/pmahendro/public_html/yii/framework/base/CApplication.php(169): CWebApplication->processRequest()
#12 /home/pmahendro/public_html/egatekelindo/index.php(13): CWebApplication->run()
REQUEST_URI=/egatekelindo/index.php?r=transaction/receive/create&purchaseId=1
in /home/pmahendro/public_html/egatekelindo/protected/modules/transaction/views/receive/create.php (12)
in /home/pmahendro/public_html/egatekelindo/protected/modules/transaction/controllers/ReceiveController.php (49)
in /home/pmahendro/public_html/egatekelindo/index.php (13)
2017/07/14 10:55:48 [error] [exception.CException] exception 'CException' with message 'Property "ReceiveHeader.purchase_number" is not defined.' in /home/pmahendro/public_html/yii/framework/base/CComponent.php:130
Stack trace:
#0 /home/pmahendro/public_html/yii/framework/db/ar/CActiveRecord.php(143): CComponent->__get('purchase_number')
#1 /home/pmahendro/public_html/yii/framework/web/helpers/CHtml.php(2255): CActiveRecord->__get('purchase_number')
#2 /home/pmahendro/public_html/yii/framework/web/helpers/CHtml.php(1980): CHtml::resolveValue(Object(ReceiveHeader), 'purchase_number')
#3 /home/pmahendro/public_html/yii/framework/web/helpers/CHtml.php(1257): CHtml::activeInputField('text', Object(ReceiveHeader), 'purchase_number', Array)
#4 /home/pmahendro/public_html/egatekelindo/protected/modules/transaction/views/receive/_form.php(40): CHtml::activeTextField(Object(ReceiveHeader), 'purchase_number')
#5 /home/pmahendro/public_html/yii/framework/web/CBaseController.php(126): require('/home/pmahendro...')
#6 /home/pmahendro/public_html/yii/framework/web/CBaseController.php(95): CBaseController->renderInternal('/home/pmahendro...', Array, true)
#7 /home/pmahendro/public_html/yii/framework/web/CController.php(869): CBaseController->renderFile('/home/pmahendro...', Array, true)
#8 /home/pmahendro/public_html/egatekelindo/protected/modules/transaction/views/receive/create.php(13): CController->renderPartial('_form', Array)
#9 /home/pmahendro/public_html/yii/framework/web/CBaseController.php(126): require('/home/pmahendro...')
#10 /home/pmahendro/public_html/yii/framework/web/CBaseController.php(95): CBaseController->renderInternal('/home/pmahendro...', Array, true)
#11 /home/pmahendro/public_html/yii/framework/web/CController.php(869): CBaseController->renderFile('/home/pmahendro...', Array, true)
#12 /home/pmahendro/public_html/yii/framework/web/CController.php(782): CController->renderPartial('create', Array, true)
#13 /home/pmahendro/public_html/egatekelindo/protected/modules/transaction/controllers/ReceiveController.php(49): CController->render('create', Array)
#14 [internal function]: ReceiveController->actionCreate('1')
#15 /home/pmahendro/public_html/yii/framework/web/actions/CAction.php(108): ReflectionMethod->invokeArgs(Object(ReceiveController), Array)
#16 /home/pmahendro/public_html/yii/framework/web/actions/CInlineAction.php(47): CAction->runWithParamsInternal(Object(ReceiveController), Object(ReflectionMethod), Array)
#17 /home/pmahendro/public_html/yii/framework/web/CController.php(308): CInlineAction->runWithParams(Array)
#18 /home/pmahendro/public_html/yii/framework/web/CController.php(286): CController->runAction(Object(CInlineAction))
#19 /home/pmahendro/public_html/yii/framework/web/CController.php(265): CController->runActionWithFilters(Object(CInlineAction), Array)
#20 /home/pmahendro/public_html/yii/framework/web/CWebApplication.php(282): CController->run('create')
#21 /home/pmahendro/public_html/yii/framework/web/CWebApplication.php(141): CWebApplication->runController('transaction/rec...')
#22 /home/pmahendro/public_html/yii/framework/base/CApplication.php(169): CWebApplication->processRequest()
#23 /home/pmahendro/public_html/egatekelindo/index.php(13): CApplication->run()
#24 {main}
REQUEST_URI=/egatekelindo/index.php?r=transaction/receive/create&purchaseId=1
---
2017/07/14 11:11:34 [error] [exception.CException] exception 'CException' with message 'Property "ReceiveHeader.supplier" is not defined.' in /home/pmahendro/public_html/yii/framework/base/CComponent.php:130
Stack trace:
#0 /home/pmahendro/public_html/yii/framework/db/ar/CActiveRecord.php(143): CComponent->__get('supplier')
#1 /home/pmahendro/public_html/egatekelindo/protected/modules/transaction/views/receive/view.php(39): CActiveRecord->__get('supplier')
#2 /home/pmahendro/public_html/yii/framework/web/CBaseController.php(126): require('/home/pmahendro...')
#3 /home/pmahendro/public_html/yii/framework/web/CBaseController.php(95): CBaseController->renderInternal('/home/pmahendro...', Array, true)
#4 /home/pmahendro/public_html/yii/framework/web/CController.php(869): CBaseController->renderFile('/home/pmahendro...', Array, true)
#5 /home/pmahendro/public_html/yii/framework/web/CController.php(782): CController->renderPartial('view', Array, true)
#6 /home/pmahendro/public_html/egatekelindo/protected/modules/transaction/controllers/ReceiveController.php(91): CController->render('view', Array)
#7 [internal function]: ReceiveController->actionView('1')
#8 /home/pmahendro/public_html/yii/framework/web/actions/CAction.php(108): ReflectionMethod->invokeArgs(Object(ReceiveController), Array)
#9 /home/pmahendro/public_html/yii/framework/web/actions/CInlineAction.php(47): CAction->runWithParamsInternal(Object(ReceiveController), Object(ReflectionMethod), Array)
#10 /home/pmahendro/public_html/yii/framework/web/CController.php(308): CInlineAction->runWithParams(Array)
#11 /home/pmahendro/public_html/yii/framework/web/CController.php(286): CController->runAction(Object(CInlineAction))
#12 /home/pmahendro/public_html/yii/framework/web/CController.php(265): CController->runActionWithFilters(Object(CInlineAction), Array)
#13 /home/pmahendro/public_html/yii/framework/web/CWebApplication.php(282): CController->run('view')
#14 /home/pmahendro/public_html/yii/framework/web/CWebApplication.php(141): CWebApplication->runController('transaction/rec...')
#15 /home/pmahendro/public_html/yii/framework/base/CApplication.php(169): CWebApplication->processRequest()
#16 /home/pmahendro/public_html/egatekelindo/index.php(13): CApplication->run()
#17 {main}
REQUEST_URI=/egatekelindo/index.php?r=transaction/receive/view&id=1
HTTP_REFERER=http://localhost/egatekelindo/index.php?r=transaction/receive/create&purchaseId=1
---
2017/07/17 12:14:39 [error] [exception.CException] exception 'CException' with message 'Property "ReceiveHeader.project_name" is not defined.' in /home/pmahendro/public_html/yii/framework/base/CComponent.php:130
Stack trace:
#0 /home/pmahendro/public_html/yii/framework/db/ar/CActiveRecord.php(143): CComponent->__get('project_name')
#1 /home/pmahendro/public_html/yii/framework/web/helpers/CHtml.php(2255): CActiveRecord->__get('project_name')
#2 /home/pmahendro/public_html/yii/framework/web/helpers/CHtml.php(1980): CHtml::resolveValue(Object(ReceiveHeader), 'project_name')
#3 /home/pmahendro/public_html/yii/framework/web/helpers/CHtml.php(1257): CHtml::activeInputField('text', Object(ReceiveHeader), 'project_name', Array)
#4 /home/pmahendro/public_html/yii/framework/zii/widgets/grid/CDataColumn.php(97): CHtml::activeTextField(Object(ReceiveHeader), 'project_name', Array)
#5 /home/pmahendro/public_html/yii/framework/zii/widgets/grid/CGridColumn.php(109): CDataColumn->renderFilterCellContent()
#6 /home/pmahendro/public_html/yii/framework/zii/widgets/grid/CGridView.php(505): CGridColumn->renderFilterCell()
#7 /home/pmahendro/public_html/yii/framework/zii/widgets/grid/CGridView.php(483): CGridView->renderFilter()
#8 /home/pmahendro/public_html/yii/framework/zii/widgets/grid/CGridView.php(453): CGridView->renderTableHeader()
#9 /home/pmahendro/public_html/yii/framework/zii/widgets/CBaseListView.php(160): CGridView->renderItems()
#10 [internal function]: CBaseListView->renderSection(Array)
#11 /home/pmahendro/public_html/yii/framework/zii/widgets/CBaseListView.php(143): preg_replace_callback('/{(\w+)}/', Array, '{summary}?{item...')
#12 /home/pmahendro/public_html/yii/framework/zii/widgets/CBaseListView.php(128): CBaseListView->renderContent()
#13 /home/pmahendro/public_html/yii/framework/web/CBaseController.php(173): CBaseListView->run()
#14 /home/pmahendro/public_html/egatekelindo/protected/modules/transaction/views/receive/admin.php(118): CBaseController->widget('zii.widgets.gri...', Array)
#15 /home/pmahendro/public_html/yii/framework/web/CBaseController.php(126): require('/home/pmahendro...')
#16 /home/pmahendro/public_html/yii/framework/web/CBaseController.php(95): CBaseController->renderInternal('/home/pmahendro...', Array, true)
#17 /home/pmahendro/public_html/yii/framework/web/CController.php(869): CBaseController->renderFile('/home/pmahendro...', Array, true)
#18 /home/pmahendro/public_html/yii/framework/web/CController.php(782): CController->renderPartial('admin', Array, true)
#19 /home/pmahendro/public_html/egatekelindo/protected/modules/transaction/controllers/ReceiveController.php(124): CController->render('admin', Array)
#20 /home/pmahendro/public_html/yii/framework/web/actions/CInlineAction.php(49): ReceiveController->actionAdmin()
#21 /home/pmahendro/public_html/yii/framework/web/CController.php(308): CInlineAction->runWithParams(Array)
#22 /home/pmahendro/public_html/yii/framework/web/CController.php(286): CController->runAction(Object(CInlineAction))
#23 /home/pmahendro/public_html/yii/framework/web/CController.php(265): CController->runActionWithFilters(Object(CInlineAction), Array)
#24 /home/pmahendro/public_html/yii/framework/web/CWebApplication.php(282): CController->run('admin')
#25 /home/pmahendro/public_html/yii/framework/web/CWebApplication.php(141): CWebApplication->runController('transaction/rec...')
#26 /home/pmahendro/public_html/yii/framework/base/CApplication.php(169): CWebApplication->processRequest()
#27 /home/pmahendro/public_html/egatekelindo/index.php(13): CApplication->run()
#28 {main}
REQUEST_URI=/egatekelindo/index.php?r=transaction/receive/admin
---
2017/07/20 11:21:06 [error] [system.db.CDbCommand] CDbCommand::fetchColumn() failed: SQLSTATE[42S22]: Column not found: 1054 Unknown column 'pr.is_inactive' in 'on clause'. The SQL statement executed was: SELECT COUNT(DISTINCT `t`.`id`) FROM `tblet_purchase_request_header` `t`  LEFT OUTER JOIN `tblet_work_order_production_header` `workOrderProductionHeader` ON (`t`.`work_order_production_header_id`=`workOrderProductionHeader`.`id`)  LEFT OUTER JOIN `tblet_work_order_drawing_header` `workOrderDrawingHeader` ON (`workOrderProductionHeader`.`work_order_drawing_header_id`=`workOrderDrawingHeader`.`id`)  LEFT OUTER JOIN `tblet_budgeting_header` `budgetingHeader` ON (`workOrderDrawingHeader`.`budgeting_header_id`=`budgetingHeader`.`id`)  LEFT OUTER JOIN `tblet_sale_order_header` `saleOrderHeader` ON (`budgetingHeader`.`sale_order_header_id`=`saleOrderHeader`.`id`)  WHERE (EXISTS (
                SELECT p.quantity - COALESCE(SUM(r.quantity), 0) AS quantity_remaining
                FROM tblet_purchase_request_detail_component p
                LEFT OUTER JOIN tblet_purchase_detail_request r ON r.purchase_request_detail_component_id = p.id AND r.is_inactive = 0 AND pr.is_inactive = 0
                WHERE t.id = p.purchase_request_header_id
                GROUP BY p.id
                HAVING quantity_remaining > 0
            )).
in /home/pmahendro/public_html/egatekelindo/protected/modules/transaction/views/purchaseByRequest/purchaseRequestList.php (53)
in /home/pmahendro/public_html/egatekelindo/protected/modules/transaction/controllers/PurchaseByRequestController.php (35)
in /home/pmahendro/public_html/egatekelindo/index.php (13)
2017/07/20 11:21:06 [error] [exception.CDbException] exception 'CDbException' with message 'CDbCommand failed to execute the SQL statement: SQLSTATE[42S22]: Column not found: 1054 Unknown column 'pr.is_inactive' in 'on clause'. The SQL statement executed was: SELECT COUNT(DISTINCT `t`.`id`) FROM `tblet_purchase_request_header` `t`  LEFT OUTER JOIN `tblet_work_order_production_header` `workOrderProductionHeader` ON (`t`.`work_order_production_header_id`=`workOrderProductionHeader`.`id`)  LEFT OUTER JOIN `tblet_work_order_drawing_header` `workOrderDrawingHeader` ON (`workOrderProductionHeader`.`work_order_drawing_header_id`=`workOrderDrawingHeader`.`id`)  LEFT OUTER JOIN `tblet_budgeting_header` `budgetingHeader` ON (`workOrderDrawingHeader`.`budgeting_header_id`=`budgetingHeader`.`id`)  LEFT OUTER JOIN `tblet_sale_order_header` `saleOrderHeader` ON (`budgetingHeader`.`sale_order_header_id`=`saleOrderHeader`.`id`)  WHERE (EXISTS (
                SELECT p.quantity - COALESCE(SUM(r.quantity), 0) AS quantity_remaining
                FROM tblet_purchase_request_detail_component p
                LEFT OUTER JOIN tblet_purchase_detail_request r ON r.purchase_request_detail_component_id = p.id AND r.is_inactive = 0 AND pr.is_inactive = 0
                WHERE t.id = p.purchase_request_header_id
                GROUP BY p.id
                HAVING quantity_remaining > 0
            ))' in /home/pmahendro/public_html/yii/framework/db/CDbCommand.php:541
Stack trace:
#0 /home/pmahendro/public_html/yii/framework/db/CDbCommand.php(432): CDbCommand->queryInternal('fetchColumn', 0, Array)
#1 /home/pmahendro/public_html/yii/framework/db/ar/CActiveFinder.php(718): CDbCommand->queryScalar()
#2 /home/pmahendro/public_html/yii/framework/db/ar/CActiveFinder.php(151): CJoinElement->count(Object(CDbCriteria))
#3 /home/pmahendro/public_html/yii/framework/db/ar/CActiveRecord.php(1559): CActiveFinder->count(Object(CDbCriteria))
#4 /home/pmahendro/public_html/yii/framework/web/CActiveDataProvider.php(179): CActiveRecord->count(Object(CDbCriteria))
#5 /home/pmahendro/public_html/yii/framework/web/CDataProvider.php(224): CActiveDataProvider->calculateTotalItemCount()
#6 /home/pmahendro/public_html/yii/framework/web/CActiveDataProvider.php(129): CDataProvider->getTotalItemCount()
#7 /home/pmahendro/public_html/yii/framework/web/CDataProvider.php(168): CActiveDataProvider->fetchData()
#8 /home/pmahendro/public_html/yii/framework/zii/widgets/CBaseListView.php(107): CDataProvider->getData()
#9 /home/pmahendro/public_html/yii/framework/zii/widgets/grid/CGridView.php(314): CBaseListView->init()
#10 /home/pmahendro/public_html/yii/framework/web/CBaseController.php(147): CGridView->init()
#11 /home/pmahendro/public_html/yii/framework/web/CBaseController.php(172): CBaseController->createWidget('zii.widgets.gri...', Array)
#12 /home/pmahendro/public_html/egatekelindo/protected/modules/transaction/views/purchaseByRequest/purchaseRequestList.php(53): CBaseController->widget('zii.widgets.gri...', Array)
#13 /home/pmahendro/public_html/yii/framework/web/CBaseController.php(126): require('/home/pmahendro...')
#14 /home/pmahendro/public_html/yii/framework/web/CBaseController.php(95): CBaseController->renderInternal('/home/pmahendro...', Array, true)
#15 /home/pmahendro/public_html/yii/framework/web/CController.php(869): CBaseController->renderFile('/home/pmahendro...', Array, true)
#16 /home/pmahendro/public_html/yii/framework/web/CController.php(782): CController->renderPartial('purchaseRequest...', Array, true)
#17 /home/pmahendro/public_html/egatekelindo/protected/modules/transaction/controllers/PurchaseByRequestController.php(35): CController->render('purchaseRequest...', Array)
#18 /home/pmahendro/public_html/yii/framework/web/actions/CInlineAction.php(49): PurchaseByRequestController->actionPurchaseRequestList()
#19 /home/pmahendro/public_html/yii/framework/web/CController.php(308): CInlineAction->runWithParams(Array)
#20 /home/pmahendro/public_html/yii/framework/web/CController.php(286): CController->runAction(Object(CInlineAction))
#21 /home/pmahendro/public_html/yii/framework/web/CController.php(265): CController->runActionWithFilters(Object(CInlineAction), Array)
#22 /home/pmahendro/public_html/yii/framework/web/CWebApplication.php(282): CController->run('purchaseRequest...')
#23 /home/pmahendro/public_html/yii/framework/web/CWebApplication.php(141): CWebApplication->runController('transaction/pur...')
#24 /home/pmahendro/public_html/yii/framework/base/CApplication.php(169): CWebApplication->processRequest()
#25 /home/pmahendro/public_html/egatekelindo/index.php(13): CApplication->run()
#26 {main}
REQUEST_URI=/egatekelindo/index.php?r=transaction/purchaseByRequest/purchaseRequestList
HTTP_REFERER=http://localhost/egatekelindo/index.php?r=site/page&view=transaction
---
2017/07/20 11:33:11 [error] [exception.CHttpException.404] exception 'CHttpException' with message 'The system is unable to find the requested action "requirementList".' in /home/pmahendro/public_html/yii/framework/web/CController.php:483
Stack trace:
#0 /home/pmahendro/public_html/yii/framework/web/CController.php(270): CController->missingAction('requirementList')
#1 /home/pmahendro/public_html/yii/framework/web/CWebApplication.php(282): CController->run('requirementList')
#2 /home/pmahendro/public_html/yii/framework/web/CWebApplication.php(141): CWebApplication->runController('transaction/pur...')
#3 /home/pmahendro/public_html/yii/framework/base/CApplication.php(169): CWebApplication->processRequest()
#4 /home/pmahendro/public_html/egatekelindo/index.php(13): CApplication->run()
#5 {main}
REQUEST_URI=/egatekelindo/index.php?r=transaction/purchaseByRequest/requirementList
HTTP_REFERER=http://localhost/egatekelindo/index.php?r=transaction/purchaseByRequest/view&id=8
---
2017/07/20 17:18:44 [error] [exception.CException] exception 'CException' with message 'Property "PurchaseDetailRequirement.quantity_requested" is not defined.' in /home/pmahendro/public_html/yii/framework/base/CComponent.php:173
Stack trace:
#0 /home/pmahendro/public_html/yii/framework/db/ar/CActiveRecord.php(159): CComponent->__set('quantity_reques...', '1.00')
#1 /home/pmahendro/public_html/egatekelindo/protected/modules/transaction/components/PurchaseByRequirement.php(51): CActiveRecord->__set('quantity_reques...', '1.00')
#2 /home/pmahendro/public_html/egatekelindo/protected/modules/transaction/controllers/PurchaseByRequirementController.php(59): PurchaseByRequirement->addDetails('1')
#3 [internal function]: PurchaseByRequirementController->actionCreate('1')
#4 /home/pmahendro/public_html/yii/framework/web/actions/CAction.php(108): ReflectionMethod->invokeArgs(Object(PurchaseByRequirementController), Array)
#5 /home/pmahendro/public_html/yii/framework/web/actions/CInlineAction.php(47): CAction->runWithParamsInternal(Object(PurchaseByRequirementController), Object(ReflectionMethod), Array)
#6 /home/pmahendro/public_html/yii/framework/web/CController.php(308): CInlineAction->runWithParams(Array)
#7 /home/pmahendro/public_html/yii/framework/web/CController.php(286): CController->runAction(Object(CInlineAction))
#8 /home/pmahendro/public_html/yii/framework/web/CController.php(265): CController->runActionWithFilters(Object(CInlineAction), Array)
#9 /home/pmahendro/public_html/yii/framework/web/CWebApplication.php(282): CController->run('create')
#10 /home/pmahendro/public_html/yii/framework/web/CWebApplication.php(141): CWebApplication->runController('transaction/pur...')
#11 /home/pmahendro/public_html/yii/framework/base/CApplication.php(169): CWebApplication->processRequest()
#12 /home/pmahendro/public_html/egatekelindo/index.php(13): CApplication->run()
#13 {main}
REQUEST_URI=/egatekelindo/index.php?r=transaction/purchaseByRequirement/create&requirementId=1
HTTP_REFERER=http://localhost/egatekelindo/index.php?r=transaction/purchaseByRequirement/requirementList
---
2017/07/25 10:16:14 [error] [php] Trying to get property of non-object (/home/pmahendro/public_html/egatekelindo/protected/modules/transaction/views/purchaseByRequest/view.php:39)
Stack trace:
#0 /home/pmahendro/public_html/yii/framework/web/CController.php(869): PurchaseByRequestController->renderFile()
#1 /home/pmahendro/public_html/yii/framework/web/CController.php(782): PurchaseByRequestController->renderPartial()
#2 /home/pmahendro/public_html/egatekelindo/protected/modules/transaction/controllers/PurchaseByRequestController.php(104): PurchaseByRequestController->render()
#3 unknown(0): PurchaseByRequestController->actionView()
#4 /home/pmahendro/public_html/yii/framework/web/actions/CAction.php(108): ReflectionMethod->invokeArgs()
#5 /home/pmahendro/public_html/yii/framework/web/actions/CInlineAction.php(47): CInlineAction->runWithParamsInternal()
#6 /home/pmahendro/public_html/yii/framework/web/CController.php(308): CInlineAction->runWithParams()
#7 /home/pmahendro/public_html/yii/framework/web/CController.php(286): PurchaseByRequestController->runAction()
#8 /home/pmahendro/public_html/yii/framework/web/CController.php(265): PurchaseByRequestController->runActionWithFilters()
#9 /home/pmahendro/public_html/yii/framework/web/CWebApplication.php(282): PurchaseByRequestController->run()
#10 /home/pmahendro/public_html/yii/framework/web/CWebApplication.php(141): CWebApplication->runController()
#11 /home/pmahendro/public_html/yii/framework/base/CApplication.php(169): CWebApplication->processRequest()
#12 /home/pmahendro/public_html/egatekelindo/index.php(13): CWebApplication->run()
REQUEST_URI=/egatekelindo/index.php?r=transaction/purchaseByRequest/view&id=12
in /home/pmahendro/public_html/egatekelindo/protected/modules/transaction/views/purchaseByRequest/view.php (39)
in /home/pmahendro/public_html/egatekelindo/protected/modules/transaction/controllers/PurchaseByRequestController.php (104)
in /home/pmahendro/public_html/egatekelindo/index.php (13)
2017/07/25 10:16:23 [error] [php] Trying to get property of non-object (/home/pmahendro/public_html/egatekelindo/protected/modules/transaction/views/purchaseByRequest/view.php:39)
Stack trace:
#0 /home/pmahendro/public_html/yii/framework/web/CController.php(869): PurchaseByRequestController->renderFile()
#1 /home/pmahendro/public_html/yii/framework/web/CController.php(782): PurchaseByRequestController->renderPartial()
#2 /home/pmahendro/public_html/egatekelindo/protected/modules/transaction/controllers/PurchaseByRequestController.php(104): PurchaseByRequestController->render()
#3 unknown(0): PurchaseByRequestController->actionView()
#4 /home/pmahendro/public_html/yii/framework/web/actions/CAction.php(108): ReflectionMethod->invokeArgs()
#5 /home/pmahendro/public_html/yii/framework/web/actions/CInlineAction.php(47): CInlineAction->runWithParamsInternal()
#6 /home/pmahendro/public_html/yii/framework/web/CController.php(308): CInlineAction->runWithParams()
#7 /home/pmahendro/public_html/yii/framework/web/CController.php(286): PurchaseByRequestController->runAction()
#8 /home/pmahendro/public_html/yii/framework/web/CController.php(265): PurchaseByRequestController->runActionWithFilters()
#9 /home/pmahendro/public_html/yii/framework/web/CWebApplication.php(282): PurchaseByRequestController->run()
#10 /home/pmahendro/public_html/yii/framework/web/CWebApplication.php(141): CWebApplication->runController()
#11 /home/pmahendro/public_html/yii/framework/base/CApplication.php(169): CWebApplication->processRequest()
#12 /home/pmahendro/public_html/egatekelindo/index.php(13): CWebApplication->run()
REQUEST_URI=/egatekelindo/index.php?r=transaction/purchaseByRequest/view&id=13
in /home/pmahendro/public_html/egatekelindo/protected/modules/transaction/views/purchaseByRequest/view.php (39)
in /home/pmahendro/public_html/egatekelindo/protected/modules/transaction/controllers/PurchaseByRequestController.php (104)
in /home/pmahendro/public_html/egatekelindo/index.php (13)
2017/07/25 10:16:25 [error] [exception.CHttpException.404] exception 'CHttpException' with message 'The requested page does not exist.' in /home/pmahendro/public_html/egatekelindo/protected/modules/transaction/controllers/PurchaseByRequestController.php:241
Stack trace:
#0 /home/pmahendro/public_html/egatekelindo/protected/modules/transaction/controllers/PurchaseByRequestController.php(92): PurchaseByRequestController->loadModel('14')
#1 [internal function]: PurchaseByRequestController->actionView('14')
#2 /home/pmahendro/public_html/yii/framework/web/actions/CAction.php(108): ReflectionMethod->invokeArgs(Object(PurchaseByRequestController), Array)
#3 /home/pmahendro/public_html/yii/framework/web/actions/CInlineAction.php(47): CAction->runWithParamsInternal(Object(PurchaseByRequestController), Object(ReflectionMethod), Array)
#4 /home/pmahendro/public_html/yii/framework/web/CController.php(308): CInlineAction->runWithParams(Array)
#5 /home/pmahendro/public_html/yii/framework/web/CController.php(286): CController->runAction(Object(CInlineAction))
#6 /home/pmahendro/public_html/yii/framework/web/CController.php(265): CController->runActionWithFilters(Object(CInlineAction), Array)
#7 /home/pmahendro/public_html/yii/framework/web/CWebApplication.php(282): CController->run('view')
#8 /home/pmahendro/public_html/yii/framework/web/CWebApplication.php(141): CWebApplication->runController('transaction/pur...')
#9 /home/pmahendro/public_html/yii/framework/base/CApplication.php(169): CWebApplication->processRequest()
#10 /home/pmahendro/public_html/egatekelindo/index.php(13): CApplication->run()
#11 {main}
REQUEST_URI=/egatekelindo/index.php?r=transaction/purchaseByRequest/view&id=14
---
2017/07/25 10:36:30 [error] [php] Trying to get property of non-object (/home/pmahendro/public_html/yii/framework/base/CComponent.php(606) : eval()'d code:1)
Stack trace:
#0 /home/pmahendro/public_html/yii/framework/zii/widgets/grid/CGridColumn.php(144): CDataColumn->renderDataCellContent()
#1 /home/pmahendro/public_html/yii/framework/zii/widgets/grid/CGridView.php(589): CDataColumn->renderDataCell()
#2 /home/pmahendro/public_html/yii/framework/zii/widgets/grid/CGridView.php(545): CGridView->renderTableRow()
#3 /home/pmahendro/public_html/yii/framework/zii/widgets/grid/CGridView.php(455): CGridView->renderTableBody()
#4 /home/pmahendro/public_html/yii/framework/zii/widgets/CBaseListView.php(160): CGridView->renderItems()
#5 unknown(0): CGridView->renderSection()
#6 /home/pmahendro/public_html/yii/framework/zii/widgets/CBaseListView.php(143): preg_replace_callback()
#7 /home/pmahendro/public_html/yii/framework/zii/widgets/CBaseListView.php(128): CGridView->renderContent()
#8 /home/pmahendro/public_html/yii/framework/web/CBaseController.php(173): CGridView->run()
#9 /home/pmahendro/public_html/egatekelindo/protected/modules/transaction/views/purchaseByRequest/purchaseRequestList.php(53): PurchaseByRequestController->widget()
#10 /home/pmahendro/public_html/yii/framework/web/CBaseController.php(126): require()
#11 /home/pmahendro/public_html/yii/framework/web/CBaseController.php(95): PurchaseByRequestController->renderInternal()
#12 /home/pmahendro/public_html/yii/framework/web/CController.php(869): PurchaseByRequestController->renderFile()
#13 /home/pmahendro/public_html/yii/framework/web/CController.php(782): PurchaseByRequestController->renderPartial()
#14 /home/pmahendro/public_html/egatekelindo/protected/modules/transaction/controllers/PurchaseByRequestController.php(35): PurchaseByRequestController->render()
#15 /home/pmahendro/public_html/yii/framework/web/actions/CInlineAction.php(49): PurchaseByRequestController->actionPurchaseRequestList()
#16 /home/pmahendro/public_html/yii/framework/web/CController.php(308): CInlineAction->runWithParams()
#17 /home/pmahendro/public_html/yii/framework/web/CController.php(286): PurchaseByRequestController->runAction()
#18 /home/pmahendro/public_html/yii/framework/web/CController.php(265): PurchaseByRequestController->runActionWithFilters()
#19 /home/pmahendro/public_html/yii/framework/web/CWebApplication.php(282): PurchaseByRequestController->run()
#20 /home/pmahendro/public_html/yii/framework/web/CWebApplication.php(141): CWebApplication->runController()
#21 /home/pmahendro/public_html/yii/framework/base/CApplication.php(169): CWebApplication->processRequest()
#22 /home/pmahendro/public_html/egatekelindo/index.php(13): CWebApplication->run()
REQUEST_URI=/egatekelindo/index.php?r=transaction/purchaseByRequest/purchaseRequestList
in /home/pmahendro/public_html/egatekelindo/protected/modules/transaction/views/purchaseByRequest/purchaseRequestList.php (53)
in /home/pmahendro/public_html/egatekelindo/protected/modules/transaction/controllers/PurchaseByRequestController.php (35)
in /home/pmahendro/public_html/egatekelindo/index.php (13)
2017/07/25 10:43:04 [error] [php] Trying to get property of non-object (/home/pmahendro/public_html/egatekelindo/protected/modules/transaction/views/purchaseByRequest/_form.php:65)
Stack trace:
#0 /home/pmahendro/public_html/yii/framework/web/CController.php(869): PurchaseByRequestController->renderFile()
#1 /home/pmahendro/public_html/egatekelindo/protected/modules/transaction/views/purchaseByRequest/create.php(15): PurchaseByRequestController->renderPartial()
#2 /home/pmahendro/public_html/yii/framework/web/CBaseController.php(126): require()
#3 /home/pmahendro/public_html/yii/framework/web/CBaseController.php(95): PurchaseByRequestController->renderInternal()
#4 /home/pmahendro/public_html/yii/framework/web/CController.php(869): PurchaseByRequestController->renderFile()
#5 /home/pmahendro/public_html/yii/framework/web/CController.php(782): PurchaseByRequestController->renderPartial()
#6 /home/pmahendro/public_html/egatekelindo/protected/modules/transaction/controllers/PurchaseByRequestController.php(65): PurchaseByRequestController->render()
#7 unknown(0): PurchaseByRequestController->actionCreate()
#8 /home/pmahendro/public_html/yii/framework/web/actions/CAction.php(108): ReflectionMethod->invokeArgs()
#9 /home/pmahendro/public_html/yii/framework/web/actions/CInlineAction.php(47): CInlineAction->runWithParamsInternal()
#10 /home/pmahendro/public_html/yii/framework/web/CController.php(308): CInlineAction->runWithParams()
#11 /home/pmahendro/public_html/yii/framework/web/CController.php(286): PurchaseByRequestController->runAction()
#12 /home/pmahendro/public_html/yii/framework/web/CController.php(265): PurchaseByRequestController->runActionWithFilters()
#13 /home/pmahendro/public_html/yii/framework/web/CWebApplication.php(282): PurchaseByRequestController->run()
#14 /home/pmahendro/public_html/yii/framework/web/CWebApplication.php(141): CWebApplication->runController()
#15 /home/pmahendro/public_html/yii/framework/base/CApplication.php(169): CWebApplication->processRequest()
#16 /home/pmahendro/public_html/egatekelindo/index.php(13): CWebApplication->run()
REQUEST_URI=/egatekelindo/index.php?r=transaction/purchaseByRequest/create&purchaseRequestId=4
in /home/pmahendro/public_html/egatekelindo/protected/modules/transaction/views/purchaseByRequest/_form.php (65)
in /home/pmahendro/public_html/egatekelindo/protected/modules/transaction/views/purchaseByRequest/create.php (15)
in /home/pmahendro/public_html/egatekelindo/protected/modules/transaction/controllers/PurchaseByRequestController.php (65)
2017/07/25 10:43:48 [error] [php] Trying to get property of non-object (/home/pmahendro/public_html/egatekelindo/protected/modules/transaction/views/purchaseByRequest/_form.php:65)
Stack trace:
#0 /home/pmahendro/public_html/yii/framework/web/CController.php(869): PurchaseByRequestController->renderFile()
#1 /home/pmahendro/public_html/egatekelindo/protected/modules/transaction/views/purchaseByRequest/create.php(15): PurchaseByRequestController->renderPartial()
#2 /home/pmahendro/public_html/yii/framework/web/CBaseController.php(126): require()
#3 /home/pmahendro/public_html/yii/framework/web/CBaseController.php(95): PurchaseByRequestController->renderInternal()
#4 /home/pmahendro/public_html/yii/framework/web/CController.php(869): PurchaseByRequestController->renderFile()
#5 /home/pmahendro/public_html/yii/framework/web/CController.php(782): PurchaseByRequestController->renderPartial()
#6 /home/pmahendro/public_html/egatekelindo/protected/modules/transaction/controllers/PurchaseByRequestController.php(65): PurchaseByRequestController->render()
#7 unknown(0): PurchaseByRequestController->actionCreate()
#8 /home/pmahendro/public_html/yii/framework/web/actions/CAction.php(108): ReflectionMethod->invokeArgs()
#9 /home/pmahendro/public_html/yii/framework/web/actions/CInlineAction.php(47): CInlineAction->runWithParamsInternal()
#10 /home/pmahendro/public_html/yii/framework/web/CController.php(308): CInlineAction->runWithParams()
#11 /home/pmahendro/public_html/yii/framework/web/CController.php(286): PurchaseByRequestController->runAction()
#12 /home/pmahendro/public_html/yii/framework/web/CController.php(265): PurchaseByRequestController->runActionWithFilters()
#13 /home/pmahendro/public_html/yii/framework/web/CWebApplication.php(282): PurchaseByRequestController->run()
#14 /home/pmahendro/public_html/yii/framework/web/CWebApplication.php(141): CWebApplication->runController()
#15 /home/pmahendro/public_html/yii/framework/base/CApplication.php(169): CWebApplication->processRequest()
#16 /home/pmahendro/public_html/egatekelindo/index.php(13): CWebApplication->run()
REQUEST_URI=/egatekelindo/index.php?r=transaction/purchaseByRequest/create&purchaseRequestId=4
in /home/pmahendro/public_html/egatekelindo/protected/modules/transaction/views/purchaseByRequest/_form.php (65)
in /home/pmahendro/public_html/egatekelindo/protected/modules/transaction/views/purchaseByRequest/create.php (15)
in /home/pmahendro/public_html/egatekelindo/protected/modules/transaction/controllers/PurchaseByRequestController.php (65)
2017/07/25 10:45:36 [error] [php] Trying to get property of non-object (/home/pmahendro/public_html/egatekelindo/protected/modules/transaction/views/purchaseByRequest/view.php:39)
Stack trace:
#0 /home/pmahendro/public_html/yii/framework/web/CController.php(869): PurchaseByRequestController->renderFile()
#1 /home/pmahendro/public_html/yii/framework/web/CController.php(782): PurchaseByRequestController->renderPartial()
#2 /home/pmahendro/public_html/egatekelindo/protected/modules/transaction/controllers/PurchaseByRequestController.php(104): PurchaseByRequestController->render()
#3 unknown(0): PurchaseByRequestController->actionView()
#4 /home/pmahendro/public_html/yii/framework/web/actions/CAction.php(108): ReflectionMethod->invokeArgs()
#5 /home/pmahendro/public_html/yii/framework/web/actions/CInlineAction.php(47): CInlineAction->runWithParamsInternal()
#6 /home/pmahendro/public_html/yii/framework/web/CController.php(308): CInlineAction->runWithParams()
#7 /home/pmahendro/public_html/yii/framework/web/CController.php(286): PurchaseByRequestController->runAction()
#8 /home/pmahendro/public_html/yii/framework/web/CController.php(265): PurchaseByRequestController->runActionWithFilters()
#9 /home/pmahendro/public_html/yii/framework/web/CWebApplication.php(282): PurchaseByRequestController->run()
#10 /home/pmahendro/public_html/yii/framework/web/CWebApplication.php(141): CWebApplication->runController()
#11 /home/pmahendro/public_html/yii/framework/base/CApplication.php(169): CWebApplication->processRequest()
#12 /home/pmahendro/public_html/egatekelindo/index.php(13): CWebApplication->run()
REQUEST_URI=/egatekelindo/index.php?r=transaction/purchaseByRequest/view&id=14
in /home/pmahendro/public_html/egatekelindo/protected/modules/transaction/views/purchaseByRequest/view.php (39)
in /home/pmahendro/public_html/egatekelindo/protected/modules/transaction/controllers/PurchaseByRequestController.php (104)
in /home/pmahendro/public_html/egatekelindo/index.php (13)
2017/07/25 10:46:17 [error] [php] Trying to get property of non-object (/home/pmahendro/public_html/egatekelindo/protected/modules/transaction/views/purchaseByRequest/view.php:39)
Stack trace:
#0 /home/pmahendro/public_html/yii/framework/web/CController.php(869): PurchaseByRequestController->renderFile()
#1 /home/pmahendro/public_html/yii/framework/web/CController.php(782): PurchaseByRequestController->renderPartial()
#2 /home/pmahendro/public_html/egatekelindo/protected/modules/transaction/controllers/PurchaseByRequestController.php(104): PurchaseByRequestController->render()
#3 unknown(0): PurchaseByRequestController->actionView()
#4 /home/pmahendro/public_html/yii/framework/web/actions/CAction.php(108): ReflectionMethod->invokeArgs()
#5 /home/pmahendro/public_html/yii/framework/web/actions/CInlineAction.php(47): CInlineAction->runWithParamsInternal()
#6 /home/pmahendro/public_html/yii/framework/web/CController.php(308): CInlineAction->runWithParams()
#7 /home/pmahendro/public_html/yii/framework/web/CController.php(286): PurchaseByRequestController->runAction()
#8 /home/pmahendro/public_html/yii/framework/web/CController.php(265): PurchaseByRequestController->runActionWithFilters()
#9 /home/pmahendro/public_html/yii/framework/web/CWebApplication.php(282): PurchaseByRequestController->run()
#10 /home/pmahendro/public_html/yii/framework/web/CWebApplication.php(141): CWebApplication->runController()
#11 /home/pmahendro/public_html/yii/framework/base/CApplication.php(169): CWebApplication->processRequest()
#12 /home/pmahendro/public_html/egatekelindo/index.php(13): CWebApplication->run()
REQUEST_URI=/egatekelindo/index.php?r=transaction/purchaseByRequest/view&id=14
in /home/pmahendro/public_html/egatekelindo/protected/modules/transaction/views/purchaseByRequest/view.php (39)
in /home/pmahendro/public_html/egatekelindo/protected/modules/transaction/controllers/PurchaseByRequestController.php (104)
in /home/pmahendro/public_html/egatekelindo/index.php (13)
